<?xml version="1.0" encoding="UTF-8"?>
<!-- Generated by org.testng.reporters.JUnitXMLReporter -->
<testsuite hostname="Timothy" ignored="1" name="Smoke Tests" tests="2" failures="0" timestamp="10 Nov 2017 01:26:37 GMT" time="0.032" errors="0">
  <testcase name="myFirstTest" time="0.007" classname="freddie.frameworks.TestNGTest01"/>
  <testcase name="myThirdTest" time="0.001" classname="freddie.frameworks.TestNGTest01"/>
  <testcase name="mySecondTest" time="0.0" classname="freddie.frameworks.TestNGTest01">
    <ignored/>
  </testcase> <!-- mySecondTest -->
</testsuite> <!-- Smoke Tests -->
