<?xml version="1.0" encoding="UTF-8"?>
<!-- Generated by org.testng.reporters.JUnitXMLReporter -->
<testsuite hostname="Timothy" ignored="0" name="Default test" tests="5" failures="0" timestamp="09 Dec 2017 01:28:16 GMT" time="42.253" errors="0">
  <testcase name="test" time="0.787" classname="freddie.data.NewAccountTest"/>
  <testcase name="test" time="0.816" classname="freddie.data.NewAccountTest"/>
  <testcase name="test" time="0.843" classname="freddie.data.NewAccountTest"/>
  <testcase name="test" time="0.783" classname="freddie.data.NewAccountTest"/>
  <testcase name="test" time="0.79" classname="freddie.data.NewAccountTest"/>
</testsuite> <!-- Default test -->
