<?xml version="1.0" encoding="UTF-8"?>
<testng-results skipped="0" failed="1" ignored="0" total="1" passed="0">
  <reporter-output>
  </reporter-output>
  <suite name="Default suite" duration-ms="659" started-at="2017-12-08T02:59:02Z" finished-at="2017-12-08T02:59:02Z">
    <groups>
    </groups>
    <test name="Default test" duration-ms="659" started-at="2017-12-08T02:59:02Z" finished-at="2017-12-08T02:59:02Z">
      <class name="freddie.data.NewAccountTest">
        <test-method status="FAIL" signature="test(java.lang.String, java.lang.String, java.lang.String, java.lang.String, java.lang.String, java.lang.String, java.lang.String, boolean, boolean, boolean)[pri:0, instance:freddie.data.NewAccountTest@9629756]" name="test" duration-ms="641" started-at="2017-12-07T21:59:02Z" data-provider="getxlData" finished-at="2017-12-07T21:59:02Z">
          <exception class="java.lang.NullPointerException">
            <full-stacktrace>
              <![CDATA[java.lang.NullPointerException
	at org.testng.internal.reflect.ReflectionRecipes.isInstanceOf(ReflectionRecipes.java:71)
	at org.testng.internal.reflect.ReflectionRecipes.exactMatch(ReflectionRecipes.java:248)
	at org.testng.internal.reflect.ReflectionRecipes.exactMatch(ReflectionRecipes.java:233)
	at org.testng.internal.reflect.DirectMethodMatcher.match(DirectMethodMatcher.java:37)
	at org.testng.internal.reflect.AbstractNodeMethodMatcher.hasConformance(AbstractNodeMethodMatcher.java:26)
	at org.testng.internal.reflect.AbstractMethodMatcher.conforms(AbstractMethodMatcher.java:27)
	at org.testng.internal.reflect.DataProviderMethodMatcher.hasConformance(DataProviderMethodMatcher.java:24)
	at org.testng.internal.reflect.AbstractMethodMatcher.conforms(AbstractMethodMatcher.java:27)
	at org.testng.internal.reflect.DataProviderMethodMatcher.getConformingArguments(DataProviderMethodMatcher.java:40)
	at org.testng.internal.Invoker.injectParameters(Invoker.java:1301)
	at org.testng.internal.Invoker.invokeTestMethods(Invoker.java:1195)
	at org.testng.internal.TestMethodWorker.invokeTestMethods(TestMethodWorker.java:125)
	at org.testng.internal.TestMethodWorker.run(TestMethodWorker.java:109)
	at org.testng.TestRunner.privateRun(TestRunner.java:776)
	at org.testng.TestRunner.run(TestRunner.java:634)
	at org.testng.SuiteRunner.runTest(SuiteRunner.java:425)
	at org.testng.SuiteRunner.runSequentially(SuiteRunner.java:420)
	at org.testng.SuiteRunner.privateRun(SuiteRunner.java:385)
	at org.testng.SuiteRunner.run(SuiteRunner.java:334)
	at org.testng.SuiteRunnerWorker.runSuite(SuiteRunnerWorker.java:52)
	at org.testng.SuiteRunnerWorker.run(SuiteRunnerWorker.java:86)
	at org.testng.TestNG.runSuitesSequentially(TestNG.java:1318)
	at org.testng.TestNG.runSuitesLocally(TestNG.java:1243)
	at org.testng.TestNG.runSuites(TestNG.java:1161)
	at org.testng.TestNG.run(TestNG.java:1129)
	at org.testng.remote.AbstractRemoteTestNG.run(AbstractRemoteTestNG.java:114)
	at org.testng.remote.RemoteTestNG.initAndRun(RemoteTestNG.java:251)
	at org.testng.remote.RemoteTestNG.main(RemoteTestNG.java:77)
]]>
            </full-stacktrace>
          </exception> <!-- java.lang.NullPointerException -->
          <reporter-output>
          </reporter-output>
        </test-method> <!-- test -->
      </class> <!-- freddie.data.NewAccountTest -->
    </test> <!-- Default test -->
  </suite> <!-- Default suite -->
</testng-results>
