<?xml version="1.0" encoding="UTF-8"?>
<testng-results skipped="0" failed="0" ignored="0" total="2" passed="2">
  <reporter-output>
  </reporter-output>
  <suite name="Default suite" duration-ms="19280" started-at="2017-12-09T02:43:39Z" finished-at="2017-12-09T02:43:58Z">
    <groups>
    </groups>
    <test name="Default test" duration-ms="19280" started-at="2017-12-09T02:43:39Z" finished-at="2017-12-09T02:43:58Z">
      <class name="freddie.data.ShoppingCartTest">
        <test-method status="PASS" signature="setup()[pri:0, instance:freddie.data.ShoppingCartTest@9629756]" name="setup" is-config="true" duration-ms="5186" started-at="2017-12-08T21:43:39Z" finished-at="2017-12-08T21:43:44Z">
          <reporter-output>
          </reporter-output>
        </test-method> <!-- setup -->
        <test-method status="PASS" signature="test(java.lang.String, java.lang.String, java.lang.String, java.lang.String, java.lang.String, java.lang.String)[pri:0, instance:freddie.data.ShoppingCartTest@9629756]" name="test" duration-ms="2170" started-at="2017-12-08T21:43:44Z" data-provider="shoppingCartData" finished-at="2017-12-08T21:43:46Z">
          <params>
            <param index="0">
              <value>
                <![CDATA[phone]]>
              </value>
            </param>
            <param index="1">
              <value>
                <![CDATA[1]]>
              </value>
            </param>
            <param index="2">
              <value>
                <![CDATA[2]]>
              </value>
            </param>
            <param index="3">
              <value>
                <![CDATA[Ryan Harding]]>
              </value>
            </param>
            <param index="4">
              <value>
                <![CDATA[523 W Main St]]>
              </value>
            </param>
            <param index="5">
              <value>
                <![CDATA[Salt Fork]]>
              </value>
            </param>
          </params>
          <reporter-output>
          </reporter-output>
        </test-method> <!-- test -->
        <test-method status="PASS" signature="tearDown()[pri:0, instance:freddie.data.ShoppingCartTest@9629756]" name="tearDown" is-config="true" duration-ms="2722" started-at="2017-12-08T21:43:46Z" finished-at="2017-12-08T21:43:49Z">
          <reporter-output>
          </reporter-output>
        </test-method> <!-- tearDown -->
        <test-method status="PASS" signature="setup()[pri:0, instance:freddie.data.ShoppingCartTest@9629756]" name="setup" is-config="true" duration-ms="4313" started-at="2017-12-08T21:43:49Z" finished-at="2017-12-08T21:43:53Z">
          <reporter-output>
          </reporter-output>
        </test-method> <!-- setup -->
        <test-method status="PASS" signature="test(java.lang.String, java.lang.String, java.lang.String, java.lang.String, java.lang.String, java.lang.String)[pri:0, instance:freddie.data.ShoppingCartTest@9629756]" name="test" duration-ms="2054" started-at="2017-12-08T21:43:53Z" data-provider="shoppingCartData" finished-at="2017-12-08T21:43:55Z">
          <params>
            <param index="0">
              <value>
                <![CDATA[tv]]>
              </value>
            </param>
            <param index="1">
              <value>
                <![CDATA[2]]>
              </value>
            </param>
            <param index="2">
              <value>
                <![CDATA[3]]>
              </value>
            </param>
            <param index="3">
              <value>
                <![CDATA[Sarah Mitchel]]>
              </value>
            </param>
            <param index="4">
              <value>
                <![CDATA[1101 High St]]>
              </value>
            </param>
            <param index="5">
              <value>
                <![CDATA[Manhattan]]>
              </value>
            </param>
          </params>
          <reporter-output>
          </reporter-output>
        </test-method> <!-- test -->
        <test-method status="PASS" signature="tearDown()[pri:0, instance:freddie.data.ShoppingCartTest@9629756]" name="tearDown" is-config="true" duration-ms="2620" started-at="2017-12-08T21:43:55Z" finished-at="2017-12-08T21:43:58Z">
          <reporter-output>
          </reporter-output>
        </test-method> <!-- tearDown -->
      </class> <!-- freddie.data.ShoppingCartTest -->
    </test> <!-- Default test -->
  </suite> <!-- Default suite -->
</testng-results>
